{"context":"RoutesResolver","level":"info","message":"ProfilesController {/profiles}:"}
{"context":"RouterExplorer","level":"info","message":"Mapped {/profiles, GET} route"}
{"context":"RouterExplorer","level":"info","message":"Mapped {/profiles/:id, GET} route"}
{"context":"RoutesResolver","level":"info","message":"OrdersController {/:profile_id/orders}:"}
{"context":"RouterExplorer","level":"info","message":"Mapped {/:profile_id/orders, GET} route"}
{"context":"RouterExplorer","level":"info","message":"Mapped {/:profile_id/orders/:id, GET} route"}
{"context":"RouterExplorer","level":"info","message":"Mapped {/:profile_id/orders/:id/cancle, POST} route"}
{"context":"RouterExplorer","level":"info","message":"Mapped {/:profile_id/orders/:id/approval, POST} route"}
{"context":"NestApplication","level":"info","message":"Nest application successfully started"}
{"context":"RoutesResolver","level":"info","message":"ProfilesController {/profiles}:"}
{"context":"RouterExplorer","level":"info","message":"Mapped {/profiles, GET} route"}
{"context":"RouterExplorer","level":"info","message":"Mapped {/profiles/:id, GET} route"}
{"context":"RoutesResolver","level":"info","message":"OrdersController {/:profile_id/orders}:"}
{"context":"RouterExplorer","level":"info","message":"Mapped {/:profile_id/orders, GET} route"}
{"context":"RouterExplorer","level":"info","message":"Mapped {/:profile_id/orders/:id, GET} route"}
{"context":"RouterExplorer","level":"info","message":"Mapped {/:profile_id/orders/:id/cancle, POST} route"}
{"context":"RouterExplorer","level":"info","message":"Mapped {/:profile_id/orders/:id/approval, POST} route"}
{"context":"RoutesResolver","level":"info","message":"AuthController {/auth}:"}
{"context":"RouterExplorer","level":"info","message":"Mapped {/auth/sign-in, POST} route"}
{"context":"NestApplication","level":"info","message":"Nest application successfully started"}
{"context":"RoutesResolver","level":"info","message":"ProfilesController {/profiles}:"}
{"context":"RouterExplorer","level":"info","message":"Mapped {/profiles, GET} route"}
{"context":"RouterExplorer","level":"info","message":"Mapped {/profiles/:id, GET} route"}
{"context":"RoutesResolver","level":"info","message":"OrdersController {/:profile_id/orders}:"}
{"context":"RouterExplorer","level":"info","message":"Mapped {/:profile_id/orders, GET} route"}
{"context":"RouterExplorer","level":"info","message":"Mapped {/:profile_id/orders/:id, GET} route"}
{"context":"RouterExplorer","level":"info","message":"Mapped {/:profile_id/orders/:id/cancle, POST} route"}
{"context":"RouterExplorer","level":"info","message":"Mapped {/:profile_id/orders/:id/approval, POST} route"}
{"context":"RoutesResolver","level":"info","message":"AuthController {/auth}:"}
{"context":"RouterExplorer","level":"info","message":"Mapped {/auth/sign-in, POST} route"}
{"context":"RouterExplorer","level":"info","message":"Mapped {/auth/verify, POST} route"}
{"context":"NestApplication","level":"info","message":"Nest application successfully started"}
{"context":"RoutesResolver","level":"info","message":"ProfilesController {/profiles}:"}
{"context":"RouterExplorer","level":"info","message":"Mapped {/profiles, GET} route"}
{"context":"RouterExplorer","level":"info","message":"Mapped {/profiles/:id, GET} route"}
{"context":"RoutesResolver","level":"info","message":"OrdersController {/:profile_id/orders}:"}
{"context":"RouterExplorer","level":"info","message":"Mapped {/:profile_id/orders, GET} route"}
{"context":"RouterExplorer","level":"info","message":"Mapped {/:profile_id/orders/:id, GET} route"}
{"context":"RouterExplorer","level":"info","message":"Mapped {/:profile_id/orders/:id/cancle, POST} route"}
{"context":"RouterExplorer","level":"info","message":"Mapped {/:profile_id/orders/:id/approval, POST} route"}
{"context":"RoutesResolver","level":"info","message":"AuthController {/auth}:"}
{"context":"RouterExplorer","level":"info","message":"Mapped {/auth/sign-in, POST} route"}
{"context":"RouterExplorer","level":"info","message":"Mapped {/auth/verify, POST} route"}
{"context":"NestApplication","level":"info","message":"Nest application successfully started"}
{"context":"RoutesResolver","level":"info","message":"ProfilesController {/profiles}:"}
{"context":"RouterExplorer","level":"info","message":"Mapped {/profiles, GET} route"}
{"context":"RouterExplorer","level":"info","message":"Mapped {/profiles/:id, GET} route"}
{"context":"RoutesResolver","level":"info","message":"OrdersController {/:profile_id/orders}:"}
{"context":"RouterExplorer","level":"info","message":"Mapped {/:profile_id/orders, GET} route"}
{"context":"RouterExplorer","level":"info","message":"Mapped {/:profile_id/orders/:id, GET} route"}
{"context":"RouterExplorer","level":"info","message":"Mapped {/:profile_id/orders/:id/cancle, POST} route"}
{"context":"RouterExplorer","level":"info","message":"Mapped {/:profile_id/orders/:id/approval, POST} route"}
{"context":"RoutesResolver","level":"info","message":"AuthController {/auth}:"}
{"context":"RouterExplorer","level":"info","message":"Mapped {/auth/sign-in, POST} route"}
{"context":"RouterExplorer","level":"info","message":"Mapped {/auth/verify, POST} route"}
{"context":"NestApplication","level":"info","message":"Nest application successfully started"}
{"context":"RoutesResolver","level":"info","message":"ProfilesController {/profiles}:"}
{"context":"RouterExplorer","level":"info","message":"Mapped {/profiles, GET} route"}
{"context":"RouterExplorer","level":"info","message":"Mapped {/profiles/:id, GET} route"}
{"context":"RoutesResolver","level":"info","message":"OrdersController {/:profile_id/orders}:"}
{"context":"RouterExplorer","level":"info","message":"Mapped {/:profile_id/orders, GET} route"}
{"context":"RouterExplorer","level":"info","message":"Mapped {/:profile_id/orders/:id, GET} route"}
{"context":"RouterExplorer","level":"info","message":"Mapped {/:profile_id/orders/:id/cancle, POST} route"}
{"context":"RouterExplorer","level":"info","message":"Mapped {/:profile_id/orders/:id/approval, POST} route"}
{"context":"RoutesResolver","level":"info","message":"AuthController {/auth}:"}
{"context":"RouterExplorer","level":"info","message":"Mapped {/auth/sign-in, POST} route"}
{"context":"RouterExplorer","level":"info","message":"Mapped {/auth/verify, POST} route"}
{"context":"NestApplication","level":"info","message":"Nest application successfully started"}
{"context":"ExceptionsHandler","level":"error","message":"\nInvalid `this.prisma.profiles.findUnique()` invocation in\n/home/levnikort/projects/clothing-store/backend/rest-api/src/auth/auth.service.ts:45:50\n\n  42 }\n  43 \n  44 async vrerify(dto: VerifyDTO) {\n→ 45   const candidate = await this.prisma.profiles.findUnique({\n         select: {\n           id: true\n         },\n         where: {\n           phone_number: \"+79991683603\",\n       ?   id?: Int,\n       ?   AND?: ProfilesWhereInput | ProfilesWhereInput[],\n       ?   OR?: ProfilesWhereInput[],\n       ?   NOT?: ProfilesWhereInput | ProfilesWhereInput[],\n       ?   telegram_id?: BigIntFilter | BigInt,\n       ?   created_at?: DateTimeFilter | DateTime\n         }\n       })\n\nArgument `where` of type ProfilesWhereUniqueInput needs at least one of `id` arguments. Available options are marked with ?.","stack":["PrismaClientValidationError: \nInvalid `this.prisma.profiles.findUnique()` invocation in\n/home/levnikort/projects/clothing-store/backend/rest-api/src/auth/auth.service.ts:45:50\n\n  42 }\n  43 \n  44 async vrerify(dto: VerifyDTO) {\n→ 45   const candidate = await this.prisma.profiles.findUnique({\n         select: {\n           id: true\n         },\n         where: {\n           phone_number: \"+79991683603\",\n       ?   id?: Int,\n       ?   AND?: ProfilesWhereInput | ProfilesWhereInput[],\n       ?   OR?: ProfilesWhereInput[],\n       ?   NOT?: ProfilesWhereInput | ProfilesWhereInput[],\n       ?   telegram_id?: BigIntFilter | BigInt,\n       ?   created_at?: DateTimeFilter | DateTime\n         }\n       })\n\nArgument `where` of type ProfilesWhereUniqueInput needs at least one of `id` arguments. Available options are marked with ?.\n    at Tn (/home/levnikort/projects/clothing-store/backend/rest-api/node_modules/@prisma/client/runtime/library.js:115:5888)\n    at In.handleRequestError (/home/levnikort/projects/clothing-store/backend/rest-api/node_modules/@prisma/client/runtime/library.js:122:6510)\n    at In.handleAndLogRequestError (/home/levnikort/projects/clothing-store/backend/rest-api/node_modules/@prisma/client/runtime/library.js:122:6188)\n    at In.request (/home/levnikort/projects/clothing-store/backend/rest-api/node_modules/@prisma/client/runtime/library.js:122:5896)\n    at l (/home/levnikort/projects/clothing-store/backend/rest-api/node_modules/@prisma/client/runtime/library.js:127:10871)\n    at AuthService.vrerify (/home/levnikort/projects/clothing-store/backend/rest-api/src/auth/auth.service.ts:45:23)\n    at /home/levnikort/projects/clothing-store/backend/rest-api/node_modules/@nestjs/core/router/router-execution-context.js:46:28\n    at /home/levnikort/projects/clothing-store/backend/rest-api/node_modules/@nestjs/core/router/router-proxy.js:9:17"]}
{"context":"ExceptionsHandler","level":"error","message":"\nInvalid `this.prisma.profiles.findUnique()` invocation in\n/home/levnikort/projects/clothing-store/backend/rest-api/src/auth/auth.service.ts:45:50\n\n  42 }\n  43 \n  44 async vrerify(dto: VerifyDTO) {\n→ 45   const candidate = await this.prisma.profiles.findUnique({\n         select: {\n           id: true\n         },\n         where: {\n           phone_number: \"+79991683602\",\n       ?   id?: Int,\n       ?   AND?: ProfilesWhereInput | ProfilesWhereInput[],\n       ?   OR?: ProfilesWhereInput[],\n       ?   NOT?: ProfilesWhereInput | ProfilesWhereInput[],\n       ?   telegram_id?: BigIntFilter | BigInt,\n       ?   created_at?: DateTimeFilter | DateTime\n         }\n       })\n\nArgument `where` of type ProfilesWhereUniqueInput needs at least one of `id` arguments. Available options are marked with ?.","stack":["PrismaClientValidationError: \nInvalid `this.prisma.profiles.findUnique()` invocation in\n/home/levnikort/projects/clothing-store/backend/rest-api/src/auth/auth.service.ts:45:50\n\n  42 }\n  43 \n  44 async vrerify(dto: VerifyDTO) {\n→ 45   const candidate = await this.prisma.profiles.findUnique({\n         select: {\n           id: true\n         },\n         where: {\n           phone_number: \"+79991683602\",\n       ?   id?: Int,\n       ?   AND?: ProfilesWhereInput | ProfilesWhereInput[],\n       ?   OR?: ProfilesWhereInput[],\n       ?   NOT?: ProfilesWhereInput | ProfilesWhereInput[],\n       ?   telegram_id?: BigIntFilter | BigInt,\n       ?   created_at?: DateTimeFilter | DateTime\n         }\n       })\n\nArgument `where` of type ProfilesWhereUniqueInput needs at least one of `id` arguments. Available options are marked with ?.\n    at Tn (/home/levnikort/projects/clothing-store/backend/rest-api/node_modules/@prisma/client/runtime/library.js:115:5888)\n    at In.handleRequestError (/home/levnikort/projects/clothing-store/backend/rest-api/node_modules/@prisma/client/runtime/library.js:122:6510)\n    at In.handleAndLogRequestError (/home/levnikort/projects/clothing-store/backend/rest-api/node_modules/@prisma/client/runtime/library.js:122:6188)\n    at In.request (/home/levnikort/projects/clothing-store/backend/rest-api/node_modules/@prisma/client/runtime/library.js:122:5896)\n    at l (/home/levnikort/projects/clothing-store/backend/rest-api/node_modules/@prisma/client/runtime/library.js:127:10871)\n    at AuthService.vrerify (/home/levnikort/projects/clothing-store/backend/rest-api/src/auth/auth.service.ts:45:23)\n    at /home/levnikort/projects/clothing-store/backend/rest-api/node_modules/@nestjs/core/router/router-execution-context.js:46:28\n    at /home/levnikort/projects/clothing-store/backend/rest-api/node_modules/@nestjs/core/router/router-proxy.js:9:17"]}
{"context":"ExceptionsHandler","level":"error","message":"\nInvalid `this.prisma.profiles.findUnique()` invocation in\n/home/levnikort/projects/clothing-store/backend/rest-api/src/auth/auth.service.ts:45:50\n\n  42 }\n  43 \n  44 async vrerify(dto: VerifyDTO) {\n→ 45   const candidate = await this.prisma.profiles.findUnique({\n         select: {\n           id: true\n         },\n         where: {\n           phone_number: \"+79991683602\",\n       ?   id?: Int,\n       ?   AND?: ProfilesWhereInput | ProfilesWhereInput[],\n       ?   OR?: ProfilesWhereInput[],\n       ?   NOT?: ProfilesWhereInput | ProfilesWhereInput[],\n       ?   telegram_id?: BigIntFilter | BigInt,\n       ?   created_at?: DateTimeFilter | DateTime\n         }\n       })\n\nArgument `where` of type ProfilesWhereUniqueInput needs at least one of `id` arguments. Available options are marked with ?.","stack":["PrismaClientValidationError: \nInvalid `this.prisma.profiles.findUnique()` invocation in\n/home/levnikort/projects/clothing-store/backend/rest-api/src/auth/auth.service.ts:45:50\n\n  42 }\n  43 \n  44 async vrerify(dto: VerifyDTO) {\n→ 45   const candidate = await this.prisma.profiles.findUnique({\n         select: {\n           id: true\n         },\n         where: {\n           phone_number: \"+79991683602\",\n       ?   id?: Int,\n       ?   AND?: ProfilesWhereInput | ProfilesWhereInput[],\n       ?   OR?: ProfilesWhereInput[],\n       ?   NOT?: ProfilesWhereInput | ProfilesWhereInput[],\n       ?   telegram_id?: BigIntFilter | BigInt,\n       ?   created_at?: DateTimeFilter | DateTime\n         }\n       })\n\nArgument `where` of type ProfilesWhereUniqueInput needs at least one of `id` arguments. Available options are marked with ?.\n    at Tn (/home/levnikort/projects/clothing-store/backend/rest-api/node_modules/@prisma/client/runtime/library.js:115:5888)\n    at In.handleRequestError (/home/levnikort/projects/clothing-store/backend/rest-api/node_modules/@prisma/client/runtime/library.js:122:6510)\n    at In.handleAndLogRequestError (/home/levnikort/projects/clothing-store/backend/rest-api/node_modules/@prisma/client/runtime/library.js:122:6188)\n    at In.request (/home/levnikort/projects/clothing-store/backend/rest-api/node_modules/@prisma/client/runtime/library.js:122:5896)\n    at l (/home/levnikort/projects/clothing-store/backend/rest-api/node_modules/@prisma/client/runtime/library.js:127:10871)\n    at AuthService.vrerify (/home/levnikort/projects/clothing-store/backend/rest-api/src/auth/auth.service.ts:45:23)\n    at /home/levnikort/projects/clothing-store/backend/rest-api/node_modules/@nestjs/core/router/router-execution-context.js:46:28\n    at /home/levnikort/projects/clothing-store/backend/rest-api/node_modules/@nestjs/core/router/router-proxy.js:9:17"]}
{"context":"RoutesResolver","level":"info","message":"ProfilesController {/profiles}:"}
{"context":"RouterExplorer","level":"info","message":"Mapped {/profiles, GET} route"}
{"context":"RouterExplorer","level":"info","message":"Mapped {/profiles/:id, GET} route"}
{"context":"RoutesResolver","level":"info","message":"OrdersController {/:profile_id/orders}:"}
{"context":"RouterExplorer","level":"info","message":"Mapped {/:profile_id/orders, GET} route"}
{"context":"RouterExplorer","level":"info","message":"Mapped {/:profile_id/orders/:id, GET} route"}
{"context":"RouterExplorer","level":"info","message":"Mapped {/:profile_id/orders/:id/cancle, POST} route"}
{"context":"RouterExplorer","level":"info","message":"Mapped {/:profile_id/orders/:id/approval, POST} route"}
{"context":"RoutesResolver","level":"info","message":"AuthController {/auth}:"}
{"context":"RouterExplorer","level":"info","message":"Mapped {/auth/sign-in, POST} route"}
{"context":"RouterExplorer","level":"info","message":"Mapped {/auth/verify, POST} route"}
{"context":"NestApplication","level":"info","message":"Nest application successfully started"}
{"context":"ExceptionsHandler","level":"error","message":"\nInvalid `this.prisma.profiles.findUnique()` invocation in\n/home/levnikort/projects/clothing-store/backend/rest-api/src/auth/auth.service.ts:45:50\n\n  42 }\n  43 \n  44 async vrerify(dto: VerifyDTO) {\n→ 45   const candidate = await this.prisma.profiles.findUnique({\n         select: {\n           id: true\n         },\n         where: {\n           phone_number: \"+79991683602\",\n       ?   id?: Int,\n       ?   AND?: ProfilesWhereInput | ProfilesWhereInput[],\n       ?   OR?: ProfilesWhereInput[],\n       ?   NOT?: ProfilesWhereInput | ProfilesWhereInput[],\n       ?   telegram_id?: BigIntFilter | BigInt,\n       ?   created_at?: DateTimeFilter | DateTime\n         }\n       })\n\nArgument `where` of type ProfilesWhereUniqueInput needs at least one of `id` arguments. Available options are marked with ?.","stack":["PrismaClientValidationError: \nInvalid `this.prisma.profiles.findUnique()` invocation in\n/home/levnikort/projects/clothing-store/backend/rest-api/src/auth/auth.service.ts:45:50\n\n  42 }\n  43 \n  44 async vrerify(dto: VerifyDTO) {\n→ 45   const candidate = await this.prisma.profiles.findUnique({\n         select: {\n           id: true\n         },\n         where: {\n           phone_number: \"+79991683602\",\n       ?   id?: Int,\n       ?   AND?: ProfilesWhereInput | ProfilesWhereInput[],\n       ?   OR?: ProfilesWhereInput[],\n       ?   NOT?: ProfilesWhereInput | ProfilesWhereInput[],\n       ?   telegram_id?: BigIntFilter | BigInt,\n       ?   created_at?: DateTimeFilter | DateTime\n         }\n       })\n\nArgument `where` of type ProfilesWhereUniqueInput needs at least one of `id` arguments. Available options are marked with ?.\n    at Tn (/home/levnikort/projects/clothing-store/backend/rest-api/node_modules/@prisma/client/runtime/library.js:115:5888)\n    at In.handleRequestError (/home/levnikort/projects/clothing-store/backend/rest-api/node_modules/@prisma/client/runtime/library.js:122:6510)\n    at In.handleAndLogRequestError (/home/levnikort/projects/clothing-store/backend/rest-api/node_modules/@prisma/client/runtime/library.js:122:6188)\n    at In.request (/home/levnikort/projects/clothing-store/backend/rest-api/node_modules/@prisma/client/runtime/library.js:122:5896)\n    at l (/home/levnikort/projects/clothing-store/backend/rest-api/node_modules/@prisma/client/runtime/library.js:127:10871)\n    at AuthService.vrerify (/home/levnikort/projects/clothing-store/backend/rest-api/src/auth/auth.service.ts:45:23)\n    at /home/levnikort/projects/clothing-store/backend/rest-api/node_modules/@nestjs/core/router/router-execution-context.js:46:28\n    at /home/levnikort/projects/clothing-store/backend/rest-api/node_modules/@nestjs/core/router/router-proxy.js:9:17"]}
{"context":"RoutesResolver","level":"info","message":"ProfilesController {/profiles}:"}
{"context":"RouterExplorer","level":"info","message":"Mapped {/profiles, GET} route"}
{"context":"RouterExplorer","level":"info","message":"Mapped {/profiles/:id, GET} route"}
{"context":"RoutesResolver","level":"info","message":"OrdersController {/:profile_id/orders}:"}
{"context":"RouterExplorer","level":"info","message":"Mapped {/:profile_id/orders, GET} route"}
{"context":"RouterExplorer","level":"info","message":"Mapped {/:profile_id/orders/:id, GET} route"}
{"context":"RouterExplorer","level":"info","message":"Mapped {/:profile_id/orders/:id/cancle, POST} route"}
{"context":"RouterExplorer","level":"info","message":"Mapped {/:profile_id/orders/:id/approval, POST} route"}
{"context":"RoutesResolver","level":"info","message":"AuthController {/auth}:"}
{"context":"RouterExplorer","level":"info","message":"Mapped {/auth/sign-in, POST} route"}
{"context":"RouterExplorer","level":"info","message":"Mapped {/auth/verify, POST} route"}
{"context":"NestApplication","level":"info","message":"Nest application successfully started"}
{"context":"RoutesResolver","level":"info","message":"ProfilesController {/profiles}:"}
{"context":"RouterExplorer","level":"info","message":"Mapped {/profiles, GET} route"}
{"context":"RouterExplorer","level":"info","message":"Mapped {/profiles/:id, GET} route"}
{"context":"RoutesResolver","level":"info","message":"OrdersController {/:profile_id/orders}:"}
{"context":"RouterExplorer","level":"info","message":"Mapped {/:profile_id/orders, GET} route"}
{"context":"RouterExplorer","level":"info","message":"Mapped {/:profile_id/orders/:id, GET} route"}
{"context":"RouterExplorer","level":"info","message":"Mapped {/:profile_id/orders/:id/cancle, POST} route"}
{"context":"RouterExplorer","level":"info","message":"Mapped {/:profile_id/orders/:id/approval, POST} route"}
{"context":"RoutesResolver","level":"info","message":"AuthController {/auth}:"}
{"context":"RouterExplorer","level":"info","message":"Mapped {/auth/sign-in, POST} route"}
{"context":"RouterExplorer","level":"info","message":"Mapped {/auth/verify, POST} route"}
{"context":"NestApplication","level":"info","message":"Nest application successfully started"}
{"context":"ExceptionsHandler","level":"error","message":"\nInvalid `this.prisma.profiles.create()` invocation in\n/home/levnikort/projects/clothing-store/backend/rest-api/src/auth/auth.service.ts:75:48\n\n  72 }\n  73 \n  74 private async register(phoneNumber: string) {\n→ 75   const profile = await this.prisma.profiles.create({\n         data: {\n           created_at: new Date(\"2024-04-05T13:45:30.901Z\"),\n           phone_number: \"+79991683602\",\n       +   telegram_id: BigInt\n         },\n         select: {\n           id: true\n         }\n       })\n\nArgument `telegram_id` is missing.","stack":["PrismaClientValidationError: \nInvalid `this.prisma.profiles.create()` invocation in\n/home/levnikort/projects/clothing-store/backend/rest-api/src/auth/auth.service.ts:75:48\n\n  72 }\n  73 \n  74 private async register(phoneNumber: string) {\n→ 75   const profile = await this.prisma.profiles.create({\n         data: {\n           created_at: new Date(\"2024-04-05T13:45:30.901Z\"),\n           phone_number: \"+79991683602\",\n       +   telegram_id: BigInt\n         },\n         select: {\n           id: true\n         }\n       })\n\nArgument `telegram_id` is missing.\n    at Tn (/home/levnikort/projects/clothing-store/backend/rest-api/node_modules/@prisma/client/runtime/library.js:115:5888)\n    at In.handleRequestError (/home/levnikort/projects/clothing-store/backend/rest-api/node_modules/@prisma/client/runtime/library.js:122:6510)\n    at In.handleAndLogRequestError (/home/levnikort/projects/clothing-store/backend/rest-api/node_modules/@prisma/client/runtime/library.js:122:6188)\n    at In.request (/home/levnikort/projects/clothing-store/backend/rest-api/node_modules/@prisma/client/runtime/library.js:122:5896)\n    at l (/home/levnikort/projects/clothing-store/backend/rest-api/node_modules/@prisma/client/runtime/library.js:127:10871)\n    at AuthService.register (/home/levnikort/projects/clothing-store/backend/rest-api/src/auth/auth.service.ts:75:21)\n    at AuthService.vrerify (/home/levnikort/projects/clothing-store/backend/rest-api/src/auth/auth.service.ts:62:22)\n    at /home/levnikort/projects/clothing-store/backend/rest-api/node_modules/@nestjs/core/router/router-execution-context.js:46:28\n    at /home/levnikort/projects/clothing-store/backend/rest-api/node_modules/@nestjs/core/router/router-proxy.js:9:17"]}
{"context":"RoutesResolver","level":"info","message":"ProfilesController {/profiles}:"}
{"context":"RouterExplorer","level":"info","message":"Mapped {/profiles, GET} route"}
{"context":"RouterExplorer","level":"info","message":"Mapped {/profiles/:id, GET} route"}
{"context":"RoutesResolver","level":"info","message":"OrdersController {/:profile_id/orders}:"}
{"context":"RouterExplorer","level":"info","message":"Mapped {/:profile_id/orders, GET} route"}
{"context":"RouterExplorer","level":"info","message":"Mapped {/:profile_id/orders/:id, GET} route"}
{"context":"RouterExplorer","level":"info","message":"Mapped {/:profile_id/orders/:id/cancle, POST} route"}
{"context":"RouterExplorer","level":"info","message":"Mapped {/:profile_id/orders/:id/approval, POST} route"}
{"context":"RoutesResolver","level":"info","message":"AuthController {/auth}:"}
{"context":"RouterExplorer","level":"info","message":"Mapped {/auth/sign-in, POST} route"}
{"context":"RouterExplorer","level":"info","message":"Mapped {/auth/verify, POST} route"}
{"context":"NestApplication","level":"info","message":"Nest application successfully started"}
{"context":"ExceptionsHandler","level":"error","message":"\nInvalid `this.prisma.profiles.create()` invocation in\n/home/levnikort/projects/clothing-store/backend/rest-api/src/auth/auth.service.ts:77:48\n\n  74 }\n  75 \n  76 private async register(phoneNumber: string) {\n→ 77   const profile = await this.prisma.profiles.create({\n         data: {\n           created_at: new Date(\"2024-04-05T13:46:31.191Z\"),\n           phone_number: \"+79991683602\",\n       +   telegram_id: BigInt\n         },\n         select: {\n           id: true\n         }\n       })\n\nArgument `telegram_id` is missing.","stack":["PrismaClientValidationError: \nInvalid `this.prisma.profiles.create()` invocation in\n/home/levnikort/projects/clothing-store/backend/rest-api/src/auth/auth.service.ts:77:48\n\n  74 }\n  75 \n  76 private async register(phoneNumber: string) {\n→ 77   const profile = await this.prisma.profiles.create({\n         data: {\n           created_at: new Date(\"2024-04-05T13:46:31.191Z\"),\n           phone_number: \"+79991683602\",\n       +   telegram_id: BigInt\n         },\n         select: {\n           id: true\n         }\n       })\n\nArgument `telegram_id` is missing.\n    at Tn (/home/levnikort/projects/clothing-store/backend/rest-api/node_modules/@prisma/client/runtime/library.js:115:5888)\n    at In.handleRequestError (/home/levnikort/projects/clothing-store/backend/rest-api/node_modules/@prisma/client/runtime/library.js:122:6510)\n    at In.handleAndLogRequestError (/home/levnikort/projects/clothing-store/backend/rest-api/node_modules/@prisma/client/runtime/library.js:122:6188)\n    at In.request (/home/levnikort/projects/clothing-store/backend/rest-api/node_modules/@prisma/client/runtime/library.js:122:5896)\n    at l (/home/levnikort/projects/clothing-store/backend/rest-api/node_modules/@prisma/client/runtime/library.js:127:10871)\n    at AuthService.register (/home/levnikort/projects/clothing-store/backend/rest-api/src/auth/auth.service.ts:77:21)\n    at AuthService.vrerify (/home/levnikort/projects/clothing-store/backend/rest-api/src/auth/auth.service.ts:64:22)\n    at /home/levnikort/projects/clothing-store/backend/rest-api/node_modules/@nestjs/core/router/router-execution-context.js:46:28\n    at /home/levnikort/projects/clothing-store/backend/rest-api/node_modules/@nestjs/core/router/router-proxy.js:9:17"]}
{"context":"ExceptionsHandler","level":"error","message":"\nInvalid `this.prisma.profiles.create()` invocation in\n/home/levnikort/projects/clothing-store/backend/rest-api/src/auth/auth.service.ts:77:48\n\n  74 }\n  75 \n  76 private async register(phoneNumber: string) {\n→ 77   const profile = await this.prisma.profiles.create({\n         data: {\n           created_at: new Date(\"2024-04-05T13:46:43.857Z\"),\n           phone_number: \"+79991683602\",\n       +   telegram_id: BigInt\n         },\n         select: {\n           id: true\n         }\n       })\n\nArgument `telegram_id` is missing.","stack":["PrismaClientValidationError: \nInvalid `this.prisma.profiles.create()` invocation in\n/home/levnikort/projects/clothing-store/backend/rest-api/src/auth/auth.service.ts:77:48\n\n  74 }\n  75 \n  76 private async register(phoneNumber: string) {\n→ 77   const profile = await this.prisma.profiles.create({\n         data: {\n           created_at: new Date(\"2024-04-05T13:46:43.857Z\"),\n           phone_number: \"+79991683602\",\n       +   telegram_id: BigInt\n         },\n         select: {\n           id: true\n         }\n       })\n\nArgument `telegram_id` is missing.\n    at Tn (/home/levnikort/projects/clothing-store/backend/rest-api/node_modules/@prisma/client/runtime/library.js:115:5888)\n    at In.handleRequestError (/home/levnikort/projects/clothing-store/backend/rest-api/node_modules/@prisma/client/runtime/library.js:122:6510)\n    at In.handleAndLogRequestError (/home/levnikort/projects/clothing-store/backend/rest-api/node_modules/@prisma/client/runtime/library.js:122:6188)\n    at In.request (/home/levnikort/projects/clothing-store/backend/rest-api/node_modules/@prisma/client/runtime/library.js:122:5896)\n    at l (/home/levnikort/projects/clothing-store/backend/rest-api/node_modules/@prisma/client/runtime/library.js:127:10871)\n    at AuthService.register (/home/levnikort/projects/clothing-store/backend/rest-api/src/auth/auth.service.ts:77:21)\n    at AuthService.vrerify (/home/levnikort/projects/clothing-store/backend/rest-api/src/auth/auth.service.ts:64:22)\n    at /home/levnikort/projects/clothing-store/backend/rest-api/node_modules/@nestjs/core/router/router-execution-context.js:46:28\n    at /home/levnikort/projects/clothing-store/backend/rest-api/node_modules/@nestjs/core/router/router-proxy.js:9:17"]}
{"context":"RoutesResolver","level":"info","message":"ProfilesController {/profiles}:"}
{"context":"RouterExplorer","level":"info","message":"Mapped {/profiles, GET} route"}
{"context":"RouterExplorer","level":"info","message":"Mapped {/profiles/:id, GET} route"}
{"context":"RoutesResolver","level":"info","message":"OrdersController {/:profile_id/orders}:"}
{"context":"RouterExplorer","level":"info","message":"Mapped {/:profile_id/orders, GET} route"}
{"context":"RouterExplorer","level":"info","message":"Mapped {/:profile_id/orders/:id, GET} route"}
{"context":"RouterExplorer","level":"info","message":"Mapped {/:profile_id/orders/:id/cancle, POST} route"}
{"context":"RouterExplorer","level":"info","message":"Mapped {/:profile_id/orders/:id/approval, POST} route"}
{"context":"RoutesResolver","level":"info","message":"AuthController {/auth}:"}
{"context":"RouterExplorer","level":"info","message":"Mapped {/auth/sign-in, POST} route"}
{"context":"RouterExplorer","level":"info","message":"Mapped {/auth/verify, POST} route"}
{"context":"NestApplication","level":"info","message":"Nest application successfully started"}
{"context":"ExceptionsHandler","level":"error","message":"\nInvalid `this.prisma.profiles.create()` invocation in\n/home/levnikort/projects/clothing-store/backend/rest-api/src/auth/auth.service.ts:83:48\n\n  80 }\n  81 \n  82 private async register(phoneNumber: string) {\n→ 83   const profile = await this.prisma.profiles.create({\n         data: {\n           created_at: new Date(\"2024-04-05T13:55:08.701Z\"),\n           phone_number: \"+79991683603\",\n       +   telegram_id: BigInt\n         },\n         select: {\n           id: true\n         }\n       })\n\nArgument `telegram_id` is missing.","stack":["PrismaClientValidationError: \nInvalid `this.prisma.profiles.create()` invocation in\n/home/levnikort/projects/clothing-store/backend/rest-api/src/auth/auth.service.ts:83:48\n\n  80 }\n  81 \n  82 private async register(phoneNumber: string) {\n→ 83   const profile = await this.prisma.profiles.create({\n         data: {\n           created_at: new Date(\"2024-04-05T13:55:08.701Z\"),\n           phone_number: \"+79991683603\",\n       +   telegram_id: BigInt\n         },\n         select: {\n           id: true\n         }\n       })\n\nArgument `telegram_id` is missing.\n    at Tn (/home/levnikort/projects/clothing-store/backend/rest-api/node_modules/@prisma/client/runtime/library.js:115:5888)\n    at In.handleRequestError (/home/levnikort/projects/clothing-store/backend/rest-api/node_modules/@prisma/client/runtime/library.js:122:6510)\n    at In.handleAndLogRequestError (/home/levnikort/projects/clothing-store/backend/rest-api/node_modules/@prisma/client/runtime/library.js:122:6188)\n    at In.request (/home/levnikort/projects/clothing-store/backend/rest-api/node_modules/@prisma/client/runtime/library.js:122:5896)\n    at l (/home/levnikort/projects/clothing-store/backend/rest-api/node_modules/@prisma/client/runtime/library.js:127:10871)\n    at AuthService.register (/home/levnikort/projects/clothing-store/backend/rest-api/src/auth/auth.service.ts:83:21)\n    at AuthService.vrerify (/home/levnikort/projects/clothing-store/backend/rest-api/src/auth/auth.service.ts:70:22)\n    at /home/levnikort/projects/clothing-store/backend/rest-api/node_modules/@nestjs/core/router/router-execution-context.js:46:28\n    at /home/levnikort/projects/clothing-store/backend/rest-api/node_modules/@nestjs/core/router/router-proxy.js:9:17"]}
{"context":"RoutesResolver","level":"info","message":"ProfilesController {/profiles}:"}
{"context":"RouterExplorer","level":"info","message":"Mapped {/profiles, GET} route"}
{"context":"RouterExplorer","level":"info","message":"Mapped {/profiles/:id, GET} route"}
{"context":"RoutesResolver","level":"info","message":"OrdersController {/:profile_id/orders}:"}
{"context":"RouterExplorer","level":"info","message":"Mapped {/:profile_id/orders, GET} route"}
{"context":"RouterExplorer","level":"info","message":"Mapped {/:profile_id/orders/:id, GET} route"}
{"context":"RouterExplorer","level":"info","message":"Mapped {/:profile_id/orders/:id/cancle, POST} route"}
{"context":"RouterExplorer","level":"info","message":"Mapped {/:profile_id/orders/:id/approval, POST} route"}
{"context":"RoutesResolver","level":"info","message":"AuthController {/auth}:"}
{"context":"RouterExplorer","level":"info","message":"Mapped {/auth/sign-in, POST} route"}
{"context":"RouterExplorer","level":"info","message":"Mapped {/auth/verify, POST} route"}
{"context":"NestApplication","level":"info","message":"Nest application successfully started"}
{"context":"RoutesResolver","level":"info","message":"ProfilesController {/profiles}:"}
{"context":"RouterExplorer","level":"info","message":"Mapped {/profiles, GET} route"}
{"context":"RouterExplorer","level":"info","message":"Mapped {/profiles/:id, GET} route"}
{"context":"RoutesResolver","level":"info","message":"OrdersController {/:profile_id/orders}:"}
{"context":"RouterExplorer","level":"info","message":"Mapped {/:profile_id/orders, GET} route"}
{"context":"RouterExplorer","level":"info","message":"Mapped {/:profile_id/orders/:id, GET} route"}
{"context":"RouterExplorer","level":"info","message":"Mapped {/:profile_id/orders/:id/cancle, POST} route"}
{"context":"RouterExplorer","level":"info","message":"Mapped {/:profile_id/orders/:id/approval, POST} route"}
{"context":"RoutesResolver","level":"info","message":"AuthController {/auth}:"}
{"context":"RouterExplorer","level":"info","message":"Mapped {/auth/sign-in, POST} route"}
{"context":"RouterExplorer","level":"info","message":"Mapped {/auth/verify, POST} route"}
{"context":"NestApplication","level":"info","message":"Nest application successfully started"}
{"context":"RoutesResolver","level":"info","message":"ProfilesController {/profiles}:"}
{"context":"RouterExplorer","level":"info","message":"Mapped {/profiles, GET} route"}
{"context":"RouterExplorer","level":"info","message":"Mapped {/profiles/:id, GET} route"}
{"context":"RoutesResolver","level":"info","message":"OrdersController {/:profile_id/orders}:"}
{"context":"RouterExplorer","level":"info","message":"Mapped {/:profile_id/orders, GET} route"}
{"context":"RouterExplorer","level":"info","message":"Mapped {/:profile_id/orders/:id, GET} route"}
{"context":"RouterExplorer","level":"info","message":"Mapped {/:profile_id/orders/:id/cancle, POST} route"}
{"context":"RouterExplorer","level":"info","message":"Mapped {/:profile_id/orders/:id/approval, POST} route"}
{"context":"RoutesResolver","level":"info","message":"AuthController {/auth}:"}
{"context":"RouterExplorer","level":"info","message":"Mapped {/auth/sign-in, POST} route"}
{"context":"RouterExplorer","level":"info","message":"Mapped {/auth/verify, POST} route"}
{"context":"NestApplication","level":"info","message":"Nest application successfully started"}
